# JRE version: 7.0_25-b30
# Java VM: OpenJDK 64-Bit Server VM (23.7-b01 mixed mode linux-amd64 compressed oops)
Heap
 PSYoungGen      total 248960K, used 223906K [0x00000007d7000000, 0x00000007e7200000, 0x0000000800000000)
  eden space 238464K, 89% used [0x00000007d7000000,0x00000007e406c898,0x00000007e58e0000)
  from space 10496K, 99% used [0x00000007e63b0000,0x00000007e6dec188,0x00000007e6df0000)
  to   space 4160K, 0% used [0x00000007e6df0000,0x00000007e6df0000,0x00000007e7200000)
 ParOldGen       total 83968K, used 17370K [0x0000000785000000, 0x000000078a200000, 0x00000007d7000000)
  object space 83968K, 20% used [0x0000000785000000,0x00000007860f6b70,0x000000078a200000)
 PSPermGen       total 21248K, used 17701K [0x000000077aa00000, 0x000000077bec0000, 0x0000000785000000)
  object space 21248K, 83% used [0x000000077aa00000,0x000000077bb49510,0x000000077bec0000)
GC Heap History (10 events):
Event: 80.216 GC heap before
{Heap before GC invocations=5 (full 0):
 PSYoungGen      total 68224K, used 68157K [0x00000007d7000000, 0x00000007db7c0000, 0x0000000800000000)
  eden space 62976K, 99% used [0x00000007d7000000,0x00000007dad6f8e8,0x00000007dad80000)
  from space 5248K, 99% used [0x00000007db2a0000,0x00000007db7bfe98,0x00000007db7c0000)
  to   space 5248K, 0% used [0x00000007dad80000,0x00000007dad80000,0x00000007db2a0000)
 ParOldGen       total 83968K, used 5743K [0x0000000785000000, 0x000000078a200000, 0x00000007d7000000)
  object space 83968K, 6% used [0x0000000785000000,0x000000078559be50,0x000000078a200000)
 PSPermGen       total 21248K, used 10216K [0x000000077aa00000, 0x000000077bec0000, 0x0000000785000000)
  object space 21248K, 48% used [0x000000077aa00000,0x000000077b3fa038,0x000000077bec0000)
Event: 80.227 GC heap after
Heap after GC invocations=5 (full 0):
 PSYoungGen      total 68224K, used 5239K [0x00000007d7000000, 0x00000007dfbc0000, 0x0000000800000000)
  eden space 62976K, 0% used [0x00000007d7000000,0x00000007d7000000,0x00000007dad80000)
  from space 5248K, 99% used [0x00000007dad80000,0x00000007db29dde0,0x00000007db2a0000)
  to   space 8576K, 0% used [0x00000007df360000,0x00000007df360000,0x00000007dfbc0000)
 ParOldGen       total 83968K, used 6840K [0x0000000785000000, 0x000000078a200000, 0x00000007d7000000)
  object space 83968K, 8% used [0x0000000785000000,0x00000007856ae350,0x000000078a200000)
 PSPermGen       total 21248K, used 10216K [0x000000077aa00000, 0x000000077bec0000, 0x0000000785000000)
  object space 21248K, 48% used [0x000000077aa00000,0x000000077b3fa038,0x000000077bec0000)
}
Event: 86.698 GC heap before
{Heap before GC invocations=6 (full 0):
 PSYoungGen      total 68224K, used 67294K [0x00000007d7000000, 0x00000007dfbc0000, 0x0000000800000000)
  eden space 62976K, 98% used [0x00000007d7000000,0x00000007dac99d98,0x00000007dad80000)
  from space 5248K, 99% used [0x00000007dad80000,0x00000007db29dde0,0x00000007db2a0000)
  to   space 8576K, 0% used [0x00000007df360000,0x00000007df360000,0x00000007dfbc0000)
 ParOldGen       total 83968K, used 6840K [0x0000000785000000, 0x000000078a200000, 0x00000007d7000000)
  object space 83968K, 8% used [0x0000000785000000,0x00000007856ae350,0x000000078a200000)
 PSPermGen       total 21248K, used 10218K [0x000000077aa00000, 0x000000077bec0000, 0x0000000785000000)
  object space 21248K, 48% used [0x000000077aa00000,0x000000077b3fa988,0x000000077bec0000)
Event: 86.707 GC heap after
Heap after GC invocations=6 (full 0):
 PSYoungGen      total 134016K, used 6354K [0x00000007d7000000, 0x00000007dfb40000, 0x0000000800000000)
  eden space 125952K, 0% used [0x00000007d7000000,0x00000007d7000000,0x00000007deb00000)
  from space 8064K, 78% used [0x00000007df360000,0x00000007df994be8,0x00000007dfb40000)
  to   space 8320K, 0% used [0x00000007deb00000,0x00000007deb00000,0x00000007df320000)
 ParOldGen       total 83968K, used 6848K [0x0000000785000000, 0x000000078a200000, 0x00000007d7000000)
  object space 83968K, 8% used [0x0000000785000000,0x00000007856b0350,0x000000078a200000)
 PSPermGen       total 21248K, used 10218K [0x000000077aa00000, 0x000000077bec0000, 0x0000000785000000)
  object space 21248K, 48% used [0x000000077aa00000,0x000000077b3fa988,0x000000077bec0000)
}
Event: 105.882 GC heap before
{Heap before GC invocations=7 (full 0):
 PSYoungGen      total 134016K, used 132306K [0x00000007d7000000, 0x00000007dfb40000, 0x0000000800000000)
  eden space 125952K, 100% used [0x00000007d7000000,0x00000007deb00000,0x00000007deb00000)
  from space 8064K, 78% used [0x00000007df360000,0x00000007df994be8,0x00000007dfb40000)
  to   space 8320K, 0% used [0x00000007deb00000,0x00000007deb00000,0x00000007df320000)
 ParOldGen       total 83968K, used 6848K [0x0000000785000000, 0x000000078a200000, 0x00000007d7000000)
  object space 83968K, 8% used [0x0000000785000000,0x00000007856b0350,0x000000078a200000)
 PSPermGen       total 21248K, used 12742K [0x000000077aa00000, 0x000000077bec0000, 0x0000000785000000)
  object space 21248K, 59% used [0x000000077aa00000,0x000000077b671818,0x000000077bec0000)
Event: 105.890 GC heap after
Heap after GC invocations=7 (full 0):
 PSYoungGen      total 134272K, used 6262K [0x00000007d7000000, 0x00000007e75e0000, 0x0000000800000000)
  eden space 125952K, 0% used [0x00000007d7000000,0x00000007d7000000,0x00000007deb00000)
  from space 8320K, 75% used [0x00000007deb00000,0x00000007df11db40,0x00000007df320000)
  to   space 8128K, 0% used [0x00000007e6df0000,0x00000007e6df0000,0x00000007e75e0000)
 ParOldGen       total 83968K, used 9592K [0x0000000785000000, 0x000000078a200000, 0x00000007d7000000)
  object space 83968K, 11% used [0x0000000785000000,0x000000078595e1b0,0x000000078a200000)
 PSPermGen       total 21248K, used 12742K [0x000000077aa00000, 0x000000077bec0000, 0x0000000785000000)
  object space 21248K, 59% used [0x000000077aa00000,0x000000077b671818,0x000000077bec0000)
}
Event: 110.821 GC heap before
{Heap before GC invocations=8 (full 0):
 PSYoungGen      total 134272K, used 132214K [0x00000007d7000000, 0x00000007e75e0000, 0x0000000800000000)
  eden space 125952K, 100% used [0x00000007d7000000,0x00000007deb00000,0x00000007deb00000)
  from space 8320K, 75% used [0x00000007deb00000,0x00000007df11db40,0x00000007df320000)
  to   space 8128K, 0% used [0x00000007e6df0000,0x00000007e6df0000,0x00000007e75e0000)
 ParOldGen       total 83968K, used 9592K [0x0000000785000000, 0x000000078a200000, 0x00000007d7000000)
  object space 83968K, 11% used [0x0000000785000000,0x000000078595e1b0,0x000000078a200000)
 PSPermGen       total 21248K, used 17203K [0x000000077aa00000, 0x000000077bec0000, 0x0000000785000000)
  object space 21248K, 80% used [0x000000077aa00000,0x000000077baccf60,0x000000077bec0000)
Event: 110.830 GC heap after
Heap after GC invocations=8 (full 0):
 PSYoungGen      total 257664K, used 8113K [0x00000007d7000000, 0x00000007e7a80000, 0x0000000800000000)
  eden space 249536K, 0% used [0x00000007d7000000,0x00000007d7000000,0x00000007e63b0000)
  from space 8128K, 99% used [0x00000007e6df0000,0x00000007e75dc780,0x00000007e75e0000)
  to   space 10496K, 0% used [0x00000007e63b0000,0x00000007e63b0000,0x00000007e6df0000)
 ParOldGen       total 83968K, used 13747K [0x0000000785000000, 0x000000078a200000, 0x00000007d7000000)
  object space 83968K, 16% used [0x0000000785000000,0x0000000785d6ced8,0x000000078a200000)
 PSPermGen       total 21248K, used 17203K [0x000000077aa00000, 0x000000077bec0000, 0x0000000785000000)
  object space 21248K, 80% used [0x000000077aa00000,0x000000077baccf60,0x000000077bec0000)
}
Event: 128.653 GC heap before
{Heap before GC invocations=9 (full 0):
 PSYoungGen      total 257664K, used 257649K [0x00000007d7000000, 0x00000007e7a80000, 0x0000000800000000)
  eden space 249536K, 100% used [0x00000007d7000000,0x00000007e63b0000,0x00000007e63b0000)
  from space 8128K, 99% used [0x00000007e6df0000,0x00000007e75dc780,0x00000007e75e0000)
  to   space 10496K, 0% used [0x00000007e63b0000,0x00000007e63b0000,0x00000007e6df0000)
 ParOldGen       total 83968K, used 13747K [0x0000000785000000, 0x000000078a200000, 0x00000007d7000000)
  object space 83968K, 16% used [0x0000000785000000,0x0000000785d6ced8,0x000000078a200000)
 PSPermGen       total 21248K, used 17570K [0x000000077aa00000, 0x000000077bec0000, 0x0000000785000000)
  object space 21248K, 82% used [0x000000077aa00000,0x000000077bb28a48,0x000000077bec0000)
Event: 128.668 GC heap after
Heap after GC invocations=9 (full 0):
 PSYoungGen      total 248960K, used 10480K [0x00000007d7000000, 0x00000007e7200000, 0x0000000800000000)
  eden space 238464K, 0% used [0x00000007d7000000,0x00000007d7000000,0x00000007e58e0000)
  from space 10496K, 99% used [0x00000007e63b0000,0x00000007e6dec188,0x00000007e6df0000)
  to   space 4160K, 0% used [0x00000007e6df0000,0x00000007e6df0000,0x00000007e7200000)
 ParOldGen       total 83968K, used 17370K [0x0000000785000000, 0x000000078a200000, 0x00000007d7000000)
  object space 83968K, 20% used [0x0000000785000000,0x00000007860f6b70,0x000000078a200000)
 PSPermGen       total 21248K, used 17570K [0x000000077aa00000, 0x000000077bec0000, 0x0000000785000000)
  object space 21248K, 82% used [0x000000077aa00000,0x000000077bb28a48,0x000000077bec0000)
}

